mode: set
github.com/Ulbora/dbinterface_mysql/mysqlTx.go:14.74,19.16 4 1
github.com/Ulbora/dbinterface_mysql/mysqlTx.go:31.2,31.20 1 1
github.com/Ulbora/dbinterface_mysql/mysqlTx.go:19.16,21.3 1 1
github.com/Ulbora/dbinterface_mysql/mysqlTx.go:21.8,24.17 3 1
github.com/Ulbora/dbinterface_mysql/mysqlTx.go:24.17,26.4 1 1
github.com/Ulbora/dbinterface_mysql/mysqlTx.go:26.9,29.4 2 1
github.com/Ulbora/dbinterface_mysql/mysqlTx.go:35.65,38.16 3 1
github.com/Ulbora/dbinterface_mysql/mysqlTx.go:49.2,49.16 1 1
github.com/Ulbora/dbinterface_mysql/mysqlTx.go:38.16,40.3 1 1
github.com/Ulbora/dbinterface_mysql/mysqlTx.go:40.8,43.17 3 1
github.com/Ulbora/dbinterface_mysql/mysqlTx.go:43.17,45.4 1 1
github.com/Ulbora/dbinterface_mysql/mysqlTx.go:45.9,47.4 1 1
github.com/Ulbora/dbinterface_mysql/mysqlTx.go:53.65,56.16 3 1
github.com/Ulbora/dbinterface_mysql/mysqlTx.go:69.2,69.16 1 1
github.com/Ulbora/dbinterface_mysql/mysqlTx.go:56.16,58.3 1 1
github.com/Ulbora/dbinterface_mysql/mysqlTx.go:58.8,61.17 3 1
github.com/Ulbora/dbinterface_mysql/mysqlTx.go:61.17,64.4 1 1
github.com/Ulbora/dbinterface_mysql/mysqlTx.go:64.9,67.4 1 1
github.com/Ulbora/dbinterface_mysql/mysqlTx.go:73.32,76.16 3 1
github.com/Ulbora/dbinterface_mysql/mysqlTx.go:81.2,81.12 1 1
github.com/Ulbora/dbinterface_mysql/mysqlTx.go:76.16,78.3 1 0
github.com/Ulbora/dbinterface_mysql/mysqlTx.go:78.8,80.3 1 1
github.com/Ulbora/dbinterface_mysql/mysqlTx.go:85.34,88.16 3 1
github.com/Ulbora/dbinterface_mysql/mysqlTx.go:93.2,93.12 1 1
github.com/Ulbora/dbinterface_mysql/mysqlTx.go:88.16,90.3 1 0
github.com/Ulbora/dbinterface_mysql/mysqlTx.go:90.8,92.3 1 1
github.com/Ulbora/dbinterface_mysql/mysqlTxMock.go:14.78,17.40 3 1
github.com/Ulbora/dbinterface_mysql/mysqlTxMock.go:50.2,50.16 1 1
github.com/Ulbora/dbinterface_mysql/mysqlTxMock.go:17.40,21.3 3 1
github.com/Ulbora/dbinterface_mysql/mysqlTxMock.go:21.8,21.47 1 1
github.com/Ulbora/dbinterface_mysql/mysqlTxMock.go:21.47,25.3 3 1
github.com/Ulbora/dbinterface_mysql/mysqlTxMock.go:25.8,25.47 1 1
github.com/Ulbora/dbinterface_mysql/mysqlTxMock.go:25.47,29.3 3 1
github.com/Ulbora/dbinterface_mysql/mysqlTxMock.go:29.8,29.47 1 1
github.com/Ulbora/dbinterface_mysql/mysqlTxMock.go:29.47,33.3 3 1
github.com/Ulbora/dbinterface_mysql/mysqlTxMock.go:33.8,33.47 1 1
github.com/Ulbora/dbinterface_mysql/mysqlTxMock.go:33.47,37.3 3 1
github.com/Ulbora/dbinterface_mysql/mysqlTxMock.go:37.8,37.47 1 0
github.com/Ulbora/dbinterface_mysql/mysqlTxMock.go:37.47,41.3 3 0
github.com/Ulbora/dbinterface_mysql/mysqlTxMock.go:41.8,41.47 1 0
github.com/Ulbora/dbinterface_mysql/mysqlTxMock.go:41.47,45.3 3 0
github.com/Ulbora/dbinterface_mysql/mysqlTxMock.go:45.8,45.47 1 0
github.com/Ulbora/dbinterface_mysql/mysqlTxMock.go:45.47,49.3 3 0
github.com/Ulbora/dbinterface_mysql/mysqlTxMock.go:54.69,56.40 2 1
github.com/Ulbora/dbinterface_mysql/mysqlTxMock.go:69.2,69.12 1 1
github.com/Ulbora/dbinterface_mysql/mysqlTxMock.go:56.40,59.3 2 1
github.com/Ulbora/dbinterface_mysql/mysqlTxMock.go:59.8,59.47 1 1
github.com/Ulbora/dbinterface_mysql/mysqlTxMock.go:59.47,62.3 2 1
github.com/Ulbora/dbinterface_mysql/mysqlTxMock.go:62.8,62.47 1 1
github.com/Ulbora/dbinterface_mysql/mysqlTxMock.go:62.47,65.3 2 1
github.com/Ulbora/dbinterface_mysql/mysqlTxMock.go:65.8,65.47 1 1
github.com/Ulbora/dbinterface_mysql/mysqlTxMock.go:65.47,68.3 2 1
github.com/Ulbora/dbinterface_mysql/mysqlTxMock.go:73.69,75.40 2 1
github.com/Ulbora/dbinterface_mysql/mysqlTxMock.go:100.2,100.12 1 1
github.com/Ulbora/dbinterface_mysql/mysqlTxMock.go:75.40,78.3 2 1
github.com/Ulbora/dbinterface_mysql/mysqlTxMock.go:78.8,78.47 1 1
github.com/Ulbora/dbinterface_mysql/mysqlTxMock.go:78.47,81.3 2 1
github.com/Ulbora/dbinterface_mysql/mysqlTxMock.go:81.8,81.47 1 1
github.com/Ulbora/dbinterface_mysql/mysqlTxMock.go:81.47,84.3 2 1
github.com/Ulbora/dbinterface_mysql/mysqlTxMock.go:84.8,84.47 1 1
github.com/Ulbora/dbinterface_mysql/mysqlTxMock.go:84.47,87.3 2 1
github.com/Ulbora/dbinterface_mysql/mysqlTxMock.go:87.8,87.47 1 0
github.com/Ulbora/dbinterface_mysql/mysqlTxMock.go:87.47,90.3 2 0
github.com/Ulbora/dbinterface_mysql/mysqlTxMock.go:90.8,90.47 1 0
github.com/Ulbora/dbinterface_mysql/mysqlTxMock.go:90.47,93.3 2 0
github.com/Ulbora/dbinterface_mysql/mysqlTxMock.go:93.8,93.47 1 0
github.com/Ulbora/dbinterface_mysql/mysqlTxMock.go:93.47,96.3 2 0
github.com/Ulbora/dbinterface_mysql/mysqlTxMock.go:96.8,96.47 1 0
github.com/Ulbora/dbinterface_mysql/mysqlTxMock.go:96.47,99.3 2 0
github.com/Ulbora/dbinterface_mysql/mysqlTxMock.go:104.36,106.2 1 1
github.com/Ulbora/dbinterface_mysql/mysqlTxMock.go:109.38,111.2 1 1
github.com/Ulbora/dbinterface_mysql/mysqldb.go:22.31,26.18 4 1
github.com/Ulbora/dbinterface_mysql/mysqldb.go:36.2,36.12 1 1
github.com/Ulbora/dbinterface_mysql/mysqldb.go:26.18,28.3 1 0
github.com/Ulbora/dbinterface_mysql/mysqldb.go:28.8,30.19 2 1
github.com/Ulbora/dbinterface_mysql/mysqldb.go:30.19,32.4 1 1
github.com/Ulbora/dbinterface_mysql/mysqldb.go:32.9,34.4 1 1
github.com/Ulbora/dbinterface_mysql/mysqldb.go:40.45,44.2 3 1
github.com/Ulbora/dbinterface_mysql/mysqldb.go:47.50,51.16 4 1
github.com/Ulbora/dbinterface_mysql/mysqldb.go:56.2,57.14 2 1
github.com/Ulbora/dbinterface_mysql/mysqldb.go:51.16,53.3 1 0
github.com/Ulbora/dbinterface_mysql/mysqldb.go:53.8,55.3 1 1
github.com/Ulbora/dbinterface_mysql/mysqldb.go:61.66,63.2 1 1
github.com/Ulbora/dbinterface_mysql/mysqldb.go:66.72,71.18 5 1
github.com/Ulbora/dbinterface_mysql/mysqldb.go:87.2,87.20 1 1
github.com/Ulbora/dbinterface_mysql/mysqldb.go:71.18,73.3 1 1
github.com/Ulbora/dbinterface_mysql/mysqldb.go:73.8,76.17 3 1
github.com/Ulbora/dbinterface_mysql/mysqldb.go:76.17,78.4 1 1
github.com/Ulbora/dbinterface_mysql/mysqldb.go:78.9,80.18 2 1
github.com/Ulbora/dbinterface_mysql/mysqldb.go:80.18,82.5 1 0
github.com/Ulbora/dbinterface_mysql/mysqldb.go:82.10,84.5 1 1
github.com/Ulbora/dbinterface_mysql/mysqldb.go:91.63,95.18 4 1
github.com/Ulbora/dbinterface_mysql/mysqldb.go:112.2,112.16 1 1
github.com/Ulbora/dbinterface_mysql/mysqldb.go:95.18,97.3 1 1
github.com/Ulbora/dbinterface_mysql/mysqldb.go:97.8,100.17 3 1
github.com/Ulbora/dbinterface_mysql/mysqldb.go:100.17,102.4 1 1
github.com/Ulbora/dbinterface_mysql/mysqldb.go:102.9,105.39 3 1
github.com/Ulbora/dbinterface_mysql/mysqldb.go:105.39,107.5 1 0
github.com/Ulbora/dbinterface_mysql/mysqldb.go:107.10,109.5 1 1
github.com/Ulbora/dbinterface_mysql/mysqldb.go:116.65,119.16 3 1
github.com/Ulbora/dbinterface_mysql/mysqldb.go:159.2,159.13 1 1
github.com/Ulbora/dbinterface_mysql/mysqldb.go:119.16,121.3 1 1
github.com/Ulbora/dbinterface_mysql/mysqldb.go:121.8,125.17 4 1
github.com/Ulbora/dbinterface_mysql/mysqldb.go:125.17,127.4 1 0
github.com/Ulbora/dbinterface_mysql/mysqldb.go:127.9,129.18 2 1
github.com/Ulbora/dbinterface_mysql/mysqldb.go:129.18,131.5 1 0
github.com/Ulbora/dbinterface_mysql/mysqldb.go:131.10,135.30 4 1
github.com/Ulbora/dbinterface_mysql/mysqldb.go:138.5,138.21 1 1
github.com/Ulbora/dbinterface_mysql/mysqldb.go:153.5,153.37 1 1
github.com/Ulbora/dbinterface_mysql/mysqldb.go:135.30,137.6 1 1
github.com/Ulbora/dbinterface_mysql/mysqldb.go:138.21,140.20 2 1
github.com/Ulbora/dbinterface_mysql/mysqldb.go:143.6,143.36 1 1
github.com/Ulbora/dbinterface_mysql/mysqldb.go:140.20,142.7 1 0
github.com/Ulbora/dbinterface_mysql/mysqldb.go:143.36,145.21 2 1
github.com/Ulbora/dbinterface_mysql/mysqldb.go:150.7,150.39 1 1
github.com/Ulbora/dbinterface_mysql/mysqldb.go:145.21,147.8 1 0
github.com/Ulbora/dbinterface_mysql/mysqldb.go:147.13,149.8 1 1
github.com/Ulbora/dbinterface_mysql/mysqldb.go:153.37,155.6 1 0
github.com/Ulbora/dbinterface_mysql/mysqldb.go:163.70,166.16 3 1
github.com/Ulbora/dbinterface_mysql/mysqldb.go:207.2,207.13 1 1
github.com/Ulbora/dbinterface_mysql/mysqldb.go:166.16,168.3 1 1
github.com/Ulbora/dbinterface_mysql/mysqldb.go:168.8,172.17 4 1
github.com/Ulbora/dbinterface_mysql/mysqldb.go:172.17,174.4 1 0
github.com/Ulbora/dbinterface_mysql/mysqldb.go:174.9,176.18 2 1
github.com/Ulbora/dbinterface_mysql/mysqldb.go:179.4,182.29 4 1
github.com/Ulbora/dbinterface_mysql/mysqldb.go:185.4,185.20 1 1
github.com/Ulbora/dbinterface_mysql/mysqldb.go:202.4,202.36 1 1
github.com/Ulbora/dbinterface_mysql/mysqldb.go:176.18,178.5 1 0
github.com/Ulbora/dbinterface_mysql/mysqldb.go:182.29,184.5 1 1
github.com/Ulbora/dbinterface_mysql/mysqldb.go:185.20,188.19 3 1
github.com/Ulbora/dbinterface_mysql/mysqldb.go:191.5,191.35 1 1
github.com/Ulbora/dbinterface_mysql/mysqldb.go:200.5,200.46 1 1
github.com/Ulbora/dbinterface_mysql/mysqldb.go:188.19,190.6 1 0
github.com/Ulbora/dbinterface_mysql/mysqldb.go:191.35,193.20 2 1
github.com/Ulbora/dbinterface_mysql/mysqldb.go:198.6,198.48 1 1
github.com/Ulbora/dbinterface_mysql/mysqldb.go:193.20,195.7 1 0
github.com/Ulbora/dbinterface_mysql/mysqldb.go:195.12,197.7 1 1
github.com/Ulbora/dbinterface_mysql/mysqldb.go:202.36,204.5 1 0
github.com/Ulbora/dbinterface_mysql/mysqldb.go:211.63,215.18 4 1
github.com/Ulbora/dbinterface_mysql/mysqldb.go:234.2,234.16 1 1
github.com/Ulbora/dbinterface_mysql/mysqldb.go:215.18,217.3 1 1
github.com/Ulbora/dbinterface_mysql/mysqldb.go:217.8,220.17 3 1
github.com/Ulbora/dbinterface_mysql/mysqldb.go:220.17,222.4 1 0
github.com/Ulbora/dbinterface_mysql/mysqldb.go:222.9,224.18 2 1
github.com/Ulbora/dbinterface_mysql/mysqldb.go:224.18,226.5 1 0
github.com/Ulbora/dbinterface_mysql/mysqldb.go:226.10,228.25 1 1
github.com/Ulbora/dbinterface_mysql/mysqldb.go:228.25,230.6 1 1
github.com/Ulbora/dbinterface_mysql/mysqldb.go:238.29,241.16 3 1
github.com/Ulbora/dbinterface_mysql/mysqldb.go:246.2,246.12 1 1
github.com/Ulbora/dbinterface_mysql/mysqldb.go:241.16,243.3 1 0
github.com/Ulbora/dbinterface_mysql/mysqldb.go:243.8,245.3 1 1
github.com/Ulbora/dbinterface_mysql/mysqldbMock.go:116.35,118.2 1 1
github.com/Ulbora/dbinterface_mysql/mysqldbMock.go:121.49,125.2 3 1
github.com/Ulbora/dbinterface_mysql/mysqldbMock.go:128.54,134.2 5 1
github.com/Ulbora/dbinterface_mysql/mysqldbMock.go:137.70,139.2 1 1
github.com/Ulbora/dbinterface_mysql/mysqldbMock.go:142.76,145.31 3 1
github.com/Ulbora/dbinterface_mysql/mysqldbMock.go:162.2,162.16 1 1
github.com/Ulbora/dbinterface_mysql/mysqldbMock.go:145.31,149.3 3 1
github.com/Ulbora/dbinterface_mysql/mysqldbMock.go:149.8,149.38 1 1
github.com/Ulbora/dbinterface_mysql/mysqldbMock.go:149.38,153.3 3 1
github.com/Ulbora/dbinterface_mysql/mysqldbMock.go:153.8,153.38 1 1
github.com/Ulbora/dbinterface_mysql/mysqldbMock.go:153.38,157.3 3 1
github.com/Ulbora/dbinterface_mysql/mysqldbMock.go:157.8,157.38 1 1
github.com/Ulbora/dbinterface_mysql/mysqldbMock.go:157.38,161.3 3 1
github.com/Ulbora/dbinterface_mysql/mysqldbMock.go:166.67,168.31 2 1
github.com/Ulbora/dbinterface_mysql/mysqldbMock.go:181.2,181.12 1 1
github.com/Ulbora/dbinterface_mysql/mysqldbMock.go:168.31,171.3 2 1
github.com/Ulbora/dbinterface_mysql/mysqldbMock.go:171.8,171.38 1 1
github.com/Ulbora/dbinterface_mysql/mysqldbMock.go:171.38,174.3 2 1
github.com/Ulbora/dbinterface_mysql/mysqldbMock.go:174.8,174.38 1 1
github.com/Ulbora/dbinterface_mysql/mysqldbMock.go:174.38,177.3 2 1
github.com/Ulbora/dbinterface_mysql/mysqldbMock.go:177.8,177.38 1 1
github.com/Ulbora/dbinterface_mysql/mysqldbMock.go:177.38,180.3 2 1
github.com/Ulbora/dbinterface_mysql/mysqldbMock.go:185.69,188.21 2 1
github.com/Ulbora/dbinterface_mysql/mysqldbMock.go:213.2,213.12 1 1
github.com/Ulbora/dbinterface_mysql/mysqldbMock.go:188.21,191.3 2 1
github.com/Ulbora/dbinterface_mysql/mysqldbMock.go:191.8,191.28 1 1
github.com/Ulbora/dbinterface_mysql/mysqldbMock.go:191.28,194.3 2 1
github.com/Ulbora/dbinterface_mysql/mysqldbMock.go:194.8,194.28 1 1
github.com/Ulbora/dbinterface_mysql/mysqldbMock.go:194.28,197.3 2 1
github.com/Ulbora/dbinterface_mysql/mysqldbMock.go:197.8,197.28 1 1
github.com/Ulbora/dbinterface_mysql/mysqldbMock.go:197.28,200.3 2 1
github.com/Ulbora/dbinterface_mysql/mysqldbMock.go:200.8,200.28 1 0
github.com/Ulbora/dbinterface_mysql/mysqldbMock.go:200.28,203.3 2 0
github.com/Ulbora/dbinterface_mysql/mysqldbMock.go:203.8,203.28 1 0
github.com/Ulbora/dbinterface_mysql/mysqldbMock.go:203.28,206.3 2 0
github.com/Ulbora/dbinterface_mysql/mysqldbMock.go:206.8,206.28 1 0
github.com/Ulbora/dbinterface_mysql/mysqldbMock.go:206.28,209.3 2 0
github.com/Ulbora/dbinterface_mysql/mysqldbMock.go:209.8,209.28 1 0
github.com/Ulbora/dbinterface_mysql/mysqldbMock.go:209.28,212.3 2 0
github.com/Ulbora/dbinterface_mysql/mysqldbMock.go:217.74,219.22 2 1
github.com/Ulbora/dbinterface_mysql/mysqldbMock.go:244.2,244.12 1 1
github.com/Ulbora/dbinterface_mysql/mysqldbMock.go:219.22,222.3 2 1
github.com/Ulbora/dbinterface_mysql/mysqldbMock.go:222.8,222.29 1 1
github.com/Ulbora/dbinterface_mysql/mysqldbMock.go:222.29,225.3 2 1
github.com/Ulbora/dbinterface_mysql/mysqldbMock.go:225.8,225.29 1 1
github.com/Ulbora/dbinterface_mysql/mysqldbMock.go:225.29,228.3 2 1
github.com/Ulbora/dbinterface_mysql/mysqldbMock.go:228.8,228.29 1 1
github.com/Ulbora/dbinterface_mysql/mysqldbMock.go:228.29,231.3 2 1
github.com/Ulbora/dbinterface_mysql/mysqldbMock.go:231.8,231.29 1 0
github.com/Ulbora/dbinterface_mysql/mysqldbMock.go:231.29,234.3 2 0
github.com/Ulbora/dbinterface_mysql/mysqldbMock.go:234.8,234.29 1 0
github.com/Ulbora/dbinterface_mysql/mysqldbMock.go:234.29,237.3 2 0
github.com/Ulbora/dbinterface_mysql/mysqldbMock.go:237.8,237.29 1 0
github.com/Ulbora/dbinterface_mysql/mysqldbMock.go:237.29,240.3 2 0
github.com/Ulbora/dbinterface_mysql/mysqldbMock.go:240.8,240.29 1 0
github.com/Ulbora/dbinterface_mysql/mysqldbMock.go:240.29,243.3 2 0
github.com/Ulbora/dbinterface_mysql/mysqldbMock.go:248.67,250.31 2 1
github.com/Ulbora/dbinterface_mysql/mysqldbMock.go:263.2,263.12 1 1
github.com/Ulbora/dbinterface_mysql/mysqldbMock.go:250.31,253.3 2 1
github.com/Ulbora/dbinterface_mysql/mysqldbMock.go:253.8,253.38 1 1
github.com/Ulbora/dbinterface_mysql/mysqldbMock.go:253.38,256.3 2 1
github.com/Ulbora/dbinterface_mysql/mysqldbMock.go:256.8,256.38 1 1
github.com/Ulbora/dbinterface_mysql/mysqldbMock.go:256.38,259.3 2 1
github.com/Ulbora/dbinterface_mysql/mysqldbMock.go:259.8,259.38 1 1
github.com/Ulbora/dbinterface_mysql/mysqldbMock.go:259.38,262.3 2 1
github.com/Ulbora/dbinterface_mysql/mysqldbMock.go:267.33,269.2 1 1
